[2025-07-14 06:29:24Z INFO HostContext] No proxy settings were found based on environmental variables (http_proxy/https_proxy/HTTP_PROXY/HTTPS_PROXY)
[2025-07-14 06:29:24Z INFO HostContext] Well known directory 'Bin': 'D:\Repos\course-gh-actions\actions-runner\bin'
[2025-07-14 06:29:24Z INFO HostContext] Well known directory 'Root': 'D:\Repos\course-gh-actions\actions-runner'
[2025-07-14 06:29:24Z INFO HostContext] Well known config file 'Credentials': 'D:\Repos\course-gh-actions\actions-runner\.credentials'
[2025-07-14 06:29:24Z INFO HostContext] Well known directory 'Bin': 'D:\Repos\course-gh-actions\actions-runner\bin'
[2025-07-14 06:29:24Z INFO HostContext] Well known directory 'Root': 'D:\Repos\course-gh-actions\actions-runner'
[2025-07-14 06:29:24Z INFO HostContext] Well known config file 'Runner': 'D:\Repos\course-gh-actions\actions-runner\.runner'
[2025-07-14 06:29:24Z INFO Listener] Runner is built for Windows (X64) - win-x64.
[2025-07-14 06:29:24Z INFO Listener] RuntimeInformation: Microsoft Windows 10.0.22631.
[2025-07-14 06:29:24Z INFO Listener] Version: 2.326.0
[2025-07-14 06:29:24Z INFO Listener] Commit: de0233c4d64676d8ebd16074221ae1e0e0bf2a13
[2025-07-14 06:29:24Z INFO Listener] Culture: en-US
[2025-07-14 06:29:24Z INFO Listener] UI Culture: en-US
[2025-07-14 06:29:24Z INFO HostContext] Well known directory 'Bin': 'D:\Repos\course-gh-actions\actions-runner\bin'
[2025-07-14 06:29:24Z INFO HostContext] Well known directory 'Root': 'D:\Repos\course-gh-actions\actions-runner'
[2025-07-14 06:29:24Z INFO Listener] Validating directory permissions for: 'D:\Repos\course-gh-actions\actions-runner'
[2025-07-14 06:29:24Z INFO CommandLineParser] Parse
[2025-07-14 06:29:24Z INFO CommandLineParser] Parsing 5 args
[2025-07-14 06:29:24Z INFO CommandLineParser] parsing argument
[2025-07-14 06:29:24Z INFO CommandLineParser] HasArgs: False
[2025-07-14 06:29:24Z INFO CommandLineParser] Adding Command: configure
[2025-07-14 06:29:24Z INFO CommandLineParser] parsing argument
[2025-07-14 06:29:24Z INFO CommandLineParser] HasArgs: True
[2025-07-14 06:29:24Z INFO CommandLineParser] arg: url
[2025-07-14 06:29:24Z INFO CommandLineParser] parsing argument
[2025-07-14 06:29:24Z INFO CommandLineParser] HasArgs: True
[2025-07-14 06:29:24Z INFO CommandLineParser] Adding option 'url': 'https://github.com/SasiKonatham/course-gh-actions'
[2025-07-14 06:29:24Z INFO CommandLineParser] parsing argument
[2025-07-14 06:29:24Z INFO CommandLineParser] HasArgs: True
[2025-07-14 06:29:24Z INFO CommandLineParser] arg: token
[2025-07-14 06:29:24Z INFO CommandLineParser] parsing argument
[2025-07-14 06:29:24Z INFO CommandLineParser] HasArgs: True
[2025-07-14 06:29:24Z INFO CommandLineParser] Adding option 'token': '***'
[2025-07-14 06:29:24Z INFO Listener] Arguments parsed
[2025-07-14 06:29:24Z INFO Runner] ExecuteCommand
[2025-07-14 06:29:24Z INFO ConfigurationStore] currentAssemblyLocation: D:\Repos\course-gh-actions\actions-runner\bin\Runner.Listener.dll
[2025-07-14 06:29:24Z INFO HostContext] Well known directory 'Bin': 'D:\Repos\course-gh-actions\actions-runner\bin'
[2025-07-14 06:29:24Z INFO ConfigurationStore] binPath: D:\Repos\course-gh-actions\actions-runner\bin
[2025-07-14 06:29:24Z INFO HostContext] Well known directory 'Bin': 'D:\Repos\course-gh-actions\actions-runner\bin'
[2025-07-14 06:29:24Z INFO HostContext] Well known directory 'Root': 'D:\Repos\course-gh-actions\actions-runner'
[2025-07-14 06:29:24Z INFO ConfigurationStore] RootFolder: D:\Repos\course-gh-actions\actions-runner
[2025-07-14 06:29:24Z INFO HostContext] Well known directory 'Bin': 'D:\Repos\course-gh-actions\actions-runner\bin'
[2025-07-14 06:29:24Z INFO HostContext] Well known directory 'Root': 'D:\Repos\course-gh-actions\actions-runner'
[2025-07-14 06:29:24Z INFO HostContext] Well known config file 'Runner': 'D:\Repos\course-gh-actions\actions-runner\.runner'
[2025-07-14 06:29:24Z INFO ConfigurationStore] ConfigFilePath: D:\Repos\course-gh-actions\actions-runner\.runner
[2025-07-14 06:29:24Z INFO HostContext] Well known directory 'Bin': 'D:\Repos\course-gh-actions\actions-runner\bin'
[2025-07-14 06:29:24Z INFO HostContext] Well known directory 'Root': 'D:\Repos\course-gh-actions\actions-runner'
[2025-07-14 06:29:24Z INFO HostContext] Well known config file 'MigratedRunner': 'D:\Repos\course-gh-actions\actions-runner\.runner_migrated'
[2025-07-14 06:29:24Z INFO ConfigurationStore] MigratedConfigFilePath: D:\Repos\course-gh-actions\actions-runner\.runner_migrated
[2025-07-14 06:29:24Z INFO HostContext] Well known directory 'Bin': 'D:\Repos\course-gh-actions\actions-runner\bin'
[2025-07-14 06:29:24Z INFO HostContext] Well known directory 'Root': 'D:\Repos\course-gh-actions\actions-runner'
[2025-07-14 06:29:24Z INFO HostContext] Well known config file 'Credentials': 'D:\Repos\course-gh-actions\actions-runner\.credentials'
[2025-07-14 06:29:24Z INFO ConfigurationStore] CredFilePath: D:\Repos\course-gh-actions\actions-runner\.credentials
[2025-07-14 06:29:24Z INFO HostContext] Well known directory 'Bin': 'D:\Repos\course-gh-actions\actions-runner\bin'
[2025-07-14 06:29:24Z INFO HostContext] Well known directory 'Root': 'D:\Repos\course-gh-actions\actions-runner'
[2025-07-14 06:29:24Z INFO HostContext] Well known config file 'MigratedCredentials': 'D:\Repos\course-gh-actions\actions-runner\.credentials_migrated'
[2025-07-14 06:29:24Z INFO ConfigurationStore] MigratedCredFilePath: D:\Repos\course-gh-actions\actions-runner\.credentials_migrated
[2025-07-14 06:29:24Z INFO HostContext] Well known directory 'Bin': 'D:\Repos\course-gh-actions\actions-runner\bin'
[2025-07-14 06:29:24Z INFO HostContext] Well known directory 'Root': 'D:\Repos\course-gh-actions\actions-runner'
[2025-07-14 06:29:24Z INFO HostContext] Well known config file 'Service': 'D:\Repos\course-gh-actions\actions-runner\.service'
[2025-07-14 06:29:24Z INFO ConfigurationStore] ServiceConfigFilePath: D:\Repos\course-gh-actions\actions-runner\.service
[2025-07-14 06:29:24Z INFO CommandSettings] Flag 'help': 'False'
[2025-07-14 06:29:24Z INFO CommandSettings] Flag 'version': 'False'
[2025-07-14 06:29:24Z INFO CommandSettings] Flag 'commit': 'False'
[2025-07-14 06:29:24Z INFO CommandSettings] Flag 'check': 'False'
[2025-07-14 06:29:24Z INFO CommandSettings] Command 'configure': 'True'
[2025-07-14 06:29:24Z INFO Terminal] WRITE LINE: 
[2025-07-14 06:29:24Z INFO Terminal] WRITE LINE: --------------------------------------------------------------------------------
[2025-07-14 06:29:24Z INFO Terminal] WRITE LINE: |        ____ _ _   _   _       _          _        _   _                      |
[2025-07-14 06:29:24Z INFO Terminal] WRITE LINE: |       / ___(_) |_| | | |_   _| |__      / \   ___| |_(_) ___  _ __  ___      |
[2025-07-14 06:29:24Z INFO Terminal] WRITE LINE: |      | |  _| | __| |_| | | | | '_ \    / _ \ / __| __| |/ _ \| '_ \/ __|     |
[2025-07-14 06:29:24Z INFO Terminal] WRITE LINE: |      | |_| | | |_|  _  | |_| | |_) |  / ___ \ (__| |_| | (_) | | | \__ \     |
[2025-07-14 06:29:24Z INFO Terminal] WRITE LINE: |       \____|_|\__|_| |_|\__,_|_.__/  /_/   \_\___|\__|_|\___/|_| |_|___/     |
[2025-07-14 06:29:24Z INFO Terminal] WRITE LINE: |                                                                              |
[2025-07-14 06:29:24Z INFO Terminal] WRITE: |                       
[2025-07-14 06:29:24Z INFO Terminal] WRITE: Self-hosted runner registration
[2025-07-14 06:29:24Z INFO Terminal] WRITE LINE:                         |
[2025-07-14 06:29:24Z INFO Terminal] WRITE LINE: |                                                                              |
[2025-07-14 06:29:24Z INFO Terminal] WRITE LINE: --------------------------------------------------------------------------------
[2025-07-14 06:29:24Z INFO ConfigurationManager] ConfigureAsync
[2025-07-14 06:29:24Z INFO CommandSettings] Flag 'generateServiceConfig': 'False'
[2025-07-14 06:29:24Z INFO ConfigurationStore] IsConfigured()
[2025-07-14 06:29:24Z INFO ConfigurationStore] IsConfigured: False
[2025-07-14 06:29:24Z INFO ConfigurationManager] Is configured: False
[2025-07-14 06:29:24Z INFO CommandSettings] Arg 'url': 'https://github.com/SasiKonatham/course-gh-actions'
[2025-07-14 06:29:24Z INFO CommandSettings] Remove url from Arg dictionary.
[2025-07-14 06:29:24Z INFO CommandSettings] Arg 'token': '***'
[2025-07-14 06:29:24Z INFO CommandSettings] Remove token from Arg dictionary.
[2025-07-14 06:29:26Z INFO ConfigurationManager] Http response code: OK from 'POST https://api.github.com/actions/runner-registration' (ADFB:36334A:233AB2:2BD023:6874A3C5)
[2025-07-14 06:29:26Z INFO ConfigurationManager] Using V2 flow: False
[2025-07-14 06:29:26Z INFO ConfigurationManager] cred retrieved via GitHub auth
[2025-07-14 06:29:26Z INFO RunnerServer] EstablishVssConnection
[2025-07-14 06:29:26Z INFO RunnerServer] Establish connection with 100 seconds timeout.
[2025-07-14 06:29:26Z INFO GitHubActionsService] Starting operation Location.GetConnectionData
[2025-07-14 06:29:26Z INFO RunnerServer] EstablishVssConnection
[2025-07-14 06:29:26Z INFO RunnerServer] Establish connection with 60 seconds timeout.
[2025-07-14 06:29:26Z INFO GitHubActionsService] Starting operation Location.GetConnectionData
[2025-07-14 06:29:26Z INFO RunnerServer] EstablishVssConnection
[2025-07-14 06:29:26Z INFO RunnerServer] Establish connection with 60 seconds timeout.
[2025-07-14 06:29:26Z INFO GitHubActionsService] Starting operation Location.GetConnectionData
[2025-07-14 06:29:28Z INFO GitHubActionsService] Finished operation Location.GetConnectionData
[2025-07-14 06:29:28Z INFO GitHubActionsService] Finished operation Location.GetConnectionData
[2025-07-14 06:29:28Z INFO GitHubActionsService] Finished operation Location.GetConnectionData
[2025-07-14 06:29:29Z INFO Terminal] WRITE LINE: 
[2025-07-14 06:29:29Z INFO ConfigurationManager] Test Connection complete.
[2025-07-14 06:29:29Z INFO HostContext] Well known directory 'Bin': 'D:\Repos\course-gh-actions\actions-runner\bin'
[2025-07-14 06:29:29Z INFO HostContext] Well known directory 'Root': 'D:\Repos\course-gh-actions\actions-runner'
[2025-07-14 06:29:29Z INFO HostContext] Well known config file 'RSACredentials': 'D:\Repos\course-gh-actions\actions-runner\.credentials_rsaparams'
[2025-07-14 06:29:29Z INFO RSAEncryptedFileKeyManager] Creating new RSA key using 2048-bit key length
[2025-07-14 06:29:29Z INFO RSAEncryptedFileKeyManager] Successfully saved RSA key parameters to file D:\Repos\course-gh-actions\actions-runner\.credentials_rsaparams
[2025-07-14 06:29:29Z INFO CommandSettings] Arg 'runnergroup': ''
[2025-07-14 06:29:29Z INFO CommandSettings] Flag 'unattended': 'False'
[2025-07-14 06:29:29Z INFO PromptManager] ReadValue
[2025-07-14 06:29:29Z INFO Terminal] WRITE: Enter the name of the runner group to add this runner to: 
[2025-07-14 06:29:29Z INFO Terminal] WRITE: [press Enter for Default] 
[2025-07-14 06:29:29Z INFO Terminal] READ LINE
[2025-07-14 06:30:02Z INFO Terminal] Read value: ''
[2025-07-14 06:30:02Z INFO PromptManager] Falling back to the default: 'Default'
[2025-07-14 06:30:02Z INFO Terminal] WRITE LINE: 
[2025-07-14 06:30:02Z INFO ConfigurationManager] Found a self-hosted runner group with id 1 and name Default
[2025-07-14 06:30:02Z INFO CommandSettings] Flag 'disableupdate': 'False'
[2025-07-14 06:30:02Z INFO CommandSettings] Flag 'ephemeral': 'False'
[2025-07-14 06:30:02Z INFO CommandSettings] Arg 'name': ''
[2025-07-14 06:30:02Z INFO CommandSettings] Flag 'unattended': 'False'
[2025-07-14 06:30:02Z INFO PromptManager] ReadValue
[2025-07-14 06:30:02Z INFO Terminal] WRITE: Enter the name of runner: 
[2025-07-14 06:30:02Z INFO Terminal] WRITE: [press Enter for QXL07329525] 
[2025-07-14 06:30:02Z INFO Terminal] READ LINE
[2025-07-14 06:30:03Z INFO Terminal] Read value: ''
[2025-07-14 06:30:03Z INFO PromptManager] Falling back to the default: 'QXL07329525'
[2025-07-14 06:30:03Z INFO Terminal] WRITE LINE: 
[2025-07-14 06:30:03Z INFO CommandSettings] Arg 'labels': ''
[2025-07-14 06:30:03Z INFO CommandSettings] Flag 'unattended': 'False'
[2025-07-14 06:30:03Z INFO PromptManager] ReadValue
[2025-07-14 06:30:03Z INFO Terminal] WRITE: This runner will have the following labels: 'self-hosted', 'Windows', 'X64' 
Enter any additional labels (ex. label-1,label-2): 
[2025-07-14 06:30:03Z INFO Terminal] WRITE: [press Enter to skip] 
[2025-07-14 06:30:03Z INFO Terminal] READ LINE
[2025-07-14 06:30:04Z INFO Terminal] Read value: ''
[2025-07-14 06:30:04Z INFO Terminal] WRITE LINE: 
[2025-07-14 06:30:05Z INFO CommandSettings] Flag 'disableupdate': 'False'
[2025-07-14 06:30:05Z INFO CommandSettings] Flag 'no-default-labels': 'False'
[2025-07-14 06:30:05Z INFO CommandSettings] Flag 'disableupdate': 'False'
[2025-07-14 06:30:05Z INFO CommandSettings] Flag 'ephemeral': 'False'
[2025-07-14 06:30:05Z INFO ConfigurationStore] Saving OAuth credential @ D:\Repos\course-gh-actions\actions-runner\.credentials
[2025-07-14 06:30:05Z INFO ConfigurationStore] Credentials Saved.
[2025-07-14 06:30:05Z INFO ConfigurationStore] HasCredentials()
[2025-07-14 06:30:05Z INFO ConfigurationStore] stored True
[2025-07-14 06:30:05Z INFO CredentialManager] GetCredentialProvider
[2025-07-14 06:30:05Z INFO CredentialManager] Creating type OAuth
[2025-07-14 06:30:05Z INFO CredentialManager] Creating credential type: OAuth
[2025-07-14 06:30:05Z INFO RSAEncryptedFileKeyManager] Loading RSA key parameters from file D:\Repos\course-gh-actions\actions-runner\.credentials_rsaparams
[2025-07-14 06:30:05Z INFO RunnerServer] EstablishVssConnection
[2025-07-14 06:30:05Z INFO RunnerServer] Establish connection with 100 seconds timeout.
[2025-07-14 06:30:05Z INFO GitHubActionsService] Starting operation Location.GetConnectionData
[2025-07-14 06:30:05Z INFO RunnerServer] EstablishVssConnection
[2025-07-14 06:30:05Z INFO RunnerServer] Establish connection with 60 seconds timeout.
[2025-07-14 06:30:05Z INFO GitHubActionsService] Starting operation Location.GetConnectionData
[2025-07-14 06:30:05Z INFO RunnerServer] EstablishVssConnection
[2025-07-14 06:30:05Z INFO RunnerServer] Establish connection with 60 seconds timeout.
[2025-07-14 06:30:05Z INFO GitHubActionsService] Starting operation Location.GetConnectionData
[2025-07-14 06:30:06Z INFO GitHubActionsService] Finished operation Location.GetConnectionData
[2025-07-14 06:30:06Z INFO GitHubActionsService] Finished operation Location.GetConnectionData
[2025-07-14 06:30:06Z INFO GitHubActionsService] Finished operation Location.GetConnectionData
[2025-07-14 06:30:06Z INFO RSAEncryptedFileKeyManager] Loading RSA key parameters from file D:\Repos\course-gh-actions\actions-runner\.credentials_rsaparams
[2025-07-14 06:30:06Z INFO RSAEncryptedFileKeyManager] Loading RSA key parameters from file D:\Repos\course-gh-actions\actions-runner\.credentials_rsaparams
[2025-07-14 06:30:08Z INFO GitHubActionsService] AAD Correlation ID for this token request: Unknown
[2025-07-14 06:30:08Z INFO ConfigurationManager] Service enforced serverUrlV2: https://broker.actions.githubusercontent.com/
[2025-07-14 06:30:08Z INFO ConfigurationManager] Service enforced useV2Flow: True
[2025-07-14 06:30:08Z INFO CommandSettings] Arg 'work': ''
[2025-07-14 06:30:08Z INFO CommandSettings] Flag 'unattended': 'False'
[2025-07-14 06:30:08Z INFO PromptManager] ReadValue
[2025-07-14 06:30:08Z INFO Terminal] WRITE: Enter name of work folder: 
[2025-07-14 06:30:08Z INFO Terminal] WRITE: [press Enter for _work] 
[2025-07-14 06:30:08Z INFO Terminal] READ LINE
[2025-07-14 06:31:22Z INFO Terminal] Read value: './run.sh'
[2025-07-14 06:31:22Z INFO ConfigurationStore] Saving runner settings.
[2025-07-14 06:31:22Z INFO ConfigurationStore] Settings Saved.
[2025-07-14 06:31:22Z INFO Terminal] WRITE LINE: 
[2025-07-14 06:31:22Z INFO Terminal] WRITE LINE: 
[2025-07-14 06:31:22Z INFO CommandSettings] Flag 'runasservice': 'False'
[2025-07-14 06:31:22Z INFO CommandSettings] Flag 'unattended': 'False'
[2025-07-14 06:31:22Z INFO PromptManager] ReadValue
[2025-07-14 06:31:22Z INFO Terminal] WRITE: Would you like to run the runner as service? (Y/N) 
[2025-07-14 06:31:22Z INFO Terminal] WRITE: [press Enter for N] 
[2025-07-14 06:31:22Z INFO Terminal] READ LINE
[2025-07-14 06:31:28Z INFO Terminal] Read value: 'Y'
[2025-07-14 06:31:28Z INFO ConfigurationManager] Configuring to run the agent as service
[2025-07-14 06:31:28Z ERR  WindowsServiceControlManager] Needs Administrator privileges for configure runner as windows service.
[2025-07-14 06:31:28Z ERR  Runner] System.Security.SecurityException: Needs Administrator privileges for configuring runner as windows service.
   at GitHub.Runner.Listener.Configuration.WindowsServiceControlManager.ConfigureService(RunnerSettings settings, CommandSettings command)
   at GitHub.Runner.Listener.Configuration.ConfigurationManager.ConfigureAsync(CommandSettings command)
   at GitHub.Runner.Listener.Runner.ExecuteCommand(CommandSettings command)
[2025-07-14 06:31:28Z ERR  Terminal] WRITE ERROR: Needs Administrator privileges for configuring runner as windows service.
[2025-07-14 06:31:28Z INFO Listener] Runner execution has finished with return code 1
